{
    "FunctionName": "hello-cli",
    "FunctionArn": "arn:aws:lambda:us-east-1:777632128622:function:hello-cli:1",
    "Runtime": "nodejs12.x",
    "Role": "arn:aws:iam::777632128622:role/lambda-exemplo",
    "Handler": "index.handler",
    "CodeSize": 340,
    "Description": "",
    "Timeout": 3,
    "MemorySize": 128,
    "LastModified": "2022-05-30T22:57:29.000+0000",
    "CodeSha256": "qjE01WriK51XmCug7Q9+936gRXJv2yhIae3EzYNegrc=",
    "Version": "1",
    "TracingConfig": {
        "Mode": "PassThrough"
    },
    "RevisionId": "2d1fe764-34e3-47c8-9ef0-e764f05e83cc",
    "State": "Pending",
    "StateReason": "The function is being created.",
    "StateReasonCode": "Creating",
    "PackageType": "Zip",
    "Architectures": [
        "x86_64"
    ],
    "EphemeralStorage": {
        "Size": 512
    }
}
